<?xml version="1.0" encoding="UTF-8"?>
<testsuite name="edu.jsu.mcis.LibraryUnitTests" tests="7" skipped="0" failures="0" errors="0" timestamp="2015-09-29T22:16:42" hostname="Trents-MacBook-Air.local" time="0.023">
  <properties/>
  <testcase name="testGetDataType" classname="edu.jsu.mcis.LibraryUnitTests" time="0.021"/>
  <testcase name="testForAddProgramNameAndReturnCorrectProgramName" classname="edu.jsu.mcis.LibraryUnitTests" time="0.0"/>
  <testcase name="testErrorThrownWhenGivenMoreArgsThanSpecified" classname="edu.jsu.mcis.LibraryUnitTests" time="0.0"/>
  <testcase name="testAddArgumentAndReturnDefault" classname="edu.jsu.mcis.LibraryUnitTests" time="0.0"/>
  <testcase name="testErrorThrownWhenGivenLessArgsThanSpecified" classname="edu.jsu.mcis.LibraryUnitTests" time="0.001"/>
  <testcase name="testArgumentPlacedInCorrectIndex" classname="edu.jsu.mcis.LibraryUnitTests" time="0.0"/>
  <testcase name="testHelpInformation" classname="edu.jsu.mcis.LibraryUnitTests" time="0.0"/>
  <system-out><![CDATA[]]></system-out>
  <system-err><![CDATA[]]></system-err>
</testsuite>
