<?xml version="1.0" encoding="UTF-8"?>
<testsuite name="edu.jsu.mcis.LibraryUnitTests" tests="5" skipped="0" failures="0" errors="0" timestamp="2015-09-25T19:52:36" hostname="Katies-MacBook-Air-2.local" time="0.009">
  <properties/>
  <testcase name="testForAddProgramNameAndReturnCorrectProgramName" classname="edu.jsu.mcis.LibraryUnitTests" time="0.007"/>
  <testcase name="testErrorThrownWhenGivenMoreArgsThanSpecified" classname="edu.jsu.mcis.LibraryUnitTests" time="0.001"/>
  <testcase name="testAddArgumentAndReturnDefault" classname="edu.jsu.mcis.LibraryUnitTests" time="0.0"/>
  <testcase name="testErrorThrownWhenGivenLessArgsThanSpecified" classname="edu.jsu.mcis.LibraryUnitTests" time="0.0"/>
  <testcase name="testArgumentPlacedInCorrectIndex" classname="edu.jsu.mcis.LibraryUnitTests" time="0.0"/>
  <system-out><![CDATA[]]></system-out>
  <system-err><![CDATA[]]></system-err>
</testsuite>
