<?xml version="1.0" encoding="UTF-8"?>
<testsuite name="edu.jsu.mcis.LibraryUnitTests" tests="17" skipped="0" failures="0" errors="0" timestamp="2015-10-09T17:15:28" hostname="Katies-MacBook-Air-2.local" time="0.036">
  <properties/>
  <testcase name="testAddArgumentAndReturnCorrectName" classname="edu.jsu.mcis.LibraryUnitTests" time="0.008"/>
  <testcase name="testDataTypeOfAllArgsIsFloat" classname="edu.jsu.mcis.LibraryUnitTests" time="0.015"/>
  <testcase name="testParseReturnsCorrectExceptionMessageWhenGivenMoreArgsThanSpecified" classname="edu.jsu.mcis.LibraryUnitTests" time="0.001"/>
  <testcase name="testArgValuesFromCLIAssignedToCorrectArgument" classname="edu.jsu.mcis.LibraryUnitTests" time="0.0"/>
  <testcase name="testParseReturnsCorrectHelpExceptionMessage" classname="edu.jsu.mcis.LibraryUnitTests" time="0.0"/>
  <testcase name="testForAddProgramNameAndReturnCorrectProgramName" classname="edu.jsu.mcis.LibraryUnitTests" time="0.0"/>
  <testcase name="testErrorThrownWhenGivenMoreArgsThanSpecified" classname="edu.jsu.mcis.LibraryUnitTests" time="0.0"/>
  <testcase name="testParseReturnsCorrectExceptionMessageWhenGivenIncorrectDataType" classname="edu.jsu.mcis.LibraryUnitTests" time="0.001"/>
  <testcase name="testParseToCorrectDataType" classname="edu.jsu.mcis.LibraryUnitTests" time="0.0"/>
  <testcase name="testAddArgumentWithDescriptionAndReturnCorrectDescriptionAndDefaultType" classname="edu.jsu.mcis.LibraryUnitTests" time="0.0"/>
  <testcase name="testAddArgumentWithoutTypeAndReturnDefaultType" classname="edu.jsu.mcis.LibraryUnitTests" time="0.0"/>
  <testcase name="testEnterArgNameAndTypeAndReturnCorrectInfo" classname="edu.jsu.mcis.LibraryUnitTests" time="0.0"/>
  <testcase name="testParseReturnsCorrectExceptionMessageWhenGivenLessArgsThanSpecified" classname="edu.jsu.mcis.LibraryUnitTests" time="0.0"/>
  <testcase name="testForAddProgramDescriptionAndReturnCorrectProgramDescription" classname="edu.jsu.mcis.LibraryUnitTests" time="0.0"/>
  <testcase name="testErrorThrownWhenGivenLessArgsThanSpecified" classname="edu.jsu.mcis.LibraryUnitTests" time="0.0"/>
  <testcase name="testEnterInvalidDataTypeForArgumentAndReturnErrorMessage" classname="edu.jsu.mcis.LibraryUnitTests" time="0.001"/>
  <testcase name="testHelpInformation" classname="edu.jsu.mcis.LibraryUnitTests" time="0.001"/>
  <system-out><![CDATA[]]></system-out>
  <system-err><![CDATA[]]></system-err>
</testsuite>
