<?xml version="1.0" encoding="UTF-8"?>
<testsuite name="edu.jsu.mcis.HelloWorldTest" tests="2" skipped="0" failures="0" errors="0" timestamp="2015-09-03T14:09:33" hostname="Sinh" time="0.0">
  <properties/>
  <testcase name="testReverseIt" classname="edu.jsu.mcis.HelloWorldTest" time="0.0"/>
  <testcase name="testShowIt" classname="edu.jsu.mcis.HelloWorldTest" time="0.0"/>
  <system-out><![CDATA[]]></system-out>
  <system-err><![CDATA[]]></system-err>
</testsuite>
