<?xml version="1.0" encoding="UTF-8"?>
<<<<<<< HEAD
<testsuite name="edu.jsu.mcis.LibraryUnitTests" tests="6" skipped="0" failures="0" errors="0" timestamp="2015-09-28T18:12:16" hostname="Prefontaine" time="0.006">
=======
<testsuite name="edu.jsu.mcis.LibraryUnitTests" tests="6" skipped="0" failures="0" errors="0" timestamp="2015-09-28T23:41:35" hostname="Katies-MacBook-Air-2.local" time="0.011">
>>>>>>> origin/master
  <properties/>
  <testcase name="testForAddProgramNameAndReturnCorrectProgramName" classname="edu.jsu.mcis.LibraryUnitTests" time="0.009"/>
  <testcase name="testErrorThrownWhenGivenMoreArgsThanSpecified" classname="edu.jsu.mcis.LibraryUnitTests" time="0.0"/>
  <testcase name="testAddArgumentAndReturnDefault" classname="edu.jsu.mcis.LibraryUnitTests" time="0.0"/>
<<<<<<< HEAD
  <testcase name="testErrorThrownWhenGivenLessArgsThanSpecified" classname="edu.jsu.mcis.LibraryUnitTests" time="0.001"/>
  <testcase name="testArgumentPlacedInCorrectIndex" classname="edu.jsu.mcis.LibraryUnitTests" time="0.0"/>
=======
  <testcase name="testErrorThrownWhenGivenLessArgsThanSpecified" classname="edu.jsu.mcis.LibraryUnitTests" time="0.0"/>
  <testcase name="testArgumentPlacedInCorrectIndex" classname="edu.jsu.mcis.LibraryUnitTests" time="0.001"/>
>>>>>>> origin/master
  <testcase name="testHelpInformation" classname="edu.jsu.mcis.LibraryUnitTests" time="0.0"/>
  <system-out><![CDATA[]]></system-out>
  <system-err><![CDATA[]]></system-err>
</testsuite>
