<?xml version="1.0" encoding="UTF-8"?>
<testsuite name="edu.jsu.mcis.ArgumentParserUnitTests" tests="52" skipped="0" failures="0" errors="0" timestamp="2015-11-13T03:25:20" hostname="Katies-MacBook-Air-2.local" time="0.168">
  <properties/>
  <testcase name="testAddingNamedArgumentWithShortFormAndReturnCorrectShortForm" classname="edu.jsu.mcis.ArgumentParserUnitTests" time="0.016"/>
  <testcase name="testParseThrowsArgumentDoesNotExistExeptionForNamedArguments" classname="edu.jsu.mcis.ArgumentParserUnitTests" time="0.029"/>
  <testcase name="testEnterLongFormHelpAndReturnCorrectMessage" classname="edu.jsu.mcis.ArgumentParserUnitTests" time="0.0"/>
  <testcase name="testNamedArgValuesFromCLIAssignedToCorrectNamedArgument" classname="edu.jsu.mcis.ArgumentParserUnitTests" time="0.001"/>
  <testcase name="testAddArgumentAndReturnCorrectName" classname="edu.jsu.mcis.ArgumentParserUnitTests" time="0.0"/>
  <testcase name="testParseReadsCorrectArgumentsWhenGivenShortFormNamedArguments" classname="edu.jsu.mcis.ArgumentParserUnitTests" time="0.0"/>
  <testcase name="testParseReturnsCorrectExceptionMessageWhenGivenMoreArgsThanSpecified" classname="edu.jsu.mcis.ArgumentParserUnitTests" time="0.001"/>
  <testcase name="testAddSetOfValuesToArgumentAndReturnCorrectSetOfValues" classname="edu.jsu.mcis.ArgumentParserUnitTests" time="0.007"/>
  <testcase name="testAddingNamedArgumentWithShortFormAndValueAndDataTypeAndDescriptionThenReturnCorrectShortForm" classname="edu.jsu.mcis.ArgumentParserUnitTests" time="0.0"/>
  <testcase name="testImportingXMLFileWithValueSetStoresCorrectInfoForEachArgumentFromOutsideOfArgumentParser" classname="edu.jsu.mcis.ArgumentParserUnitTests" time="0.065"/>
  <testcase name="testAddNamedArgumentAndReturnCorrectDefaultValue" classname="edu.jsu.mcis.ArgumentParserUnitTests" time="0.0"/>
  <testcase name="testArgValuesFromCLIAssignedToCorrectArgument" classname="edu.jsu.mcis.ArgumentParserUnitTests" time="0.0"/>
  <testcase name="testParseReturnsCorrectHelpExceptionMessage" classname="edu.jsu.mcis.ArgumentParserUnitTests" time="0.001"/>
  <testcase name="testImportingXMLFileStoresCorrectInfoForEachArgumentFromOutsideOfArgumentParser" classname="edu.jsu.mcis.ArgumentParserUnitTests" time="0.006"/>
  <testcase name="testForAddProgramNameAndReturnCorrectProgramName" classname="edu.jsu.mcis.ArgumentParserUnitTests" time="0.0"/>
  <testcase name="testGetArgumentReturnCorrectArgumentBySearchingForPosition" classname="edu.jsu.mcis.ArgumentParserUnitTests" time="0.001"/>
  <testcase name="testAddingNamedArgumentWithShortFormAndValueThenReturnCorrectShortForm" classname="edu.jsu.mcis.ArgumentParserUnitTests" time="0.0"/>
  <testcase name="testAddNamedArgumentWithDescriptionAndReturnCorrectDescriptionAndDefaultType" classname="edu.jsu.mcis.ArgumentParserUnitTests" time="0.0"/>
  <testcase name="testParseReadsCorrectPositionalArgsWhenGivenNamedArgsAlso" classname="edu.jsu.mcis.ArgumentParserUnitTests" time="0.001"/>
  <testcase name="testAddNamedArgumentAndReturnCorrectNameWithTypeValueAndDescription" classname="edu.jsu.mcis.ArgumentParserUnitTests" time="0.0"/>
  <testcase name="testParseReturnsCorrectExceptionMessageWhenGivenIncorrectDataType" classname="edu.jsu.mcis.ArgumentParserUnitTests" time="0.001"/>
  <testcase name="testParseReadsCorrectPositionalArgsWhenGivenBooleanNamedArgsAlso" classname="edu.jsu.mcis.ArgumentParserUnitTests" time="0.001"/>
  <testcase name="NamedArgumentConstructorWithValueSetTest" classname="edu.jsu.mcis.ArgumentParserUnitTests" time="0.0"/>
  <testcase name="testParseThrowsHelpExceptionWhenGivenShortFormHelpArgument" classname="edu.jsu.mcis.ArgumentParserUnitTests" time="0.001"/>
  <testcase name="testPositionalArgumentHoldsPosition" classname="edu.jsu.mcis.ArgumentParserUnitTests" time="0.0"/>
  <testcase name="testAddArgumentWithDescriptionAndReturnCorrectDescriptionAndDefaultType" classname="edu.jsu.mcis.ArgumentParserUnitTests" time="0.001"/>
  <testcase name="testAddNamedArgumentWithShortFormAndReturnCorrectNamedArgumentInArgumentParserUsingShortFormName" classname="edu.jsu.mcis.ArgumentParserUnitTests" time="0.0"/>
  <testcase name="testParseThrowsCorrectExceptionWhenGivenIncorrectDataTypeAndNamedHelpArgument" classname="edu.jsu.mcis.ArgumentParserUnitTests" time="0.001"/>
  <testcase name="testAddingNamedArgumentWithShortFormAndValueAndDescriptionThenReturnCorrectShortForm" classname="edu.jsu.mcis.ArgumentParserUnitTests" time="0.001"/>
  <testcase name="testParseThrowsExceptionWhenGivenIncorrectPositionalArgumentValue" classname="edu.jsu.mcis.ArgumentParserUnitTests" time="0.0"/>
  <testcase name="testAddArgumentWithoutTypeAndReturnDefaultType" classname="edu.jsu.mcis.ArgumentParserUnitTests" time="0.0"/>
  <testcase name="testAddNamedArgumentAndReturnCorrectName" classname="edu.jsu.mcis.ArgumentParserUnitTests" time="0.0"/>
  <testcase name="testAddNamedArgumentAndReturnCorrectNameWithDefaultValue" classname="edu.jsu.mcis.ArgumentParserUnitTests" time="0.0"/>
  <testcase name="testParseThrowsExceptionWhenGivenIncorrectNamedArgumentValue" classname="edu.jsu.mcis.ArgumentParserUnitTests" time="0.0"/>
  <testcase name="testEnterArgNameAndTypeAndReturnCorrectInfo" classname="edu.jsu.mcis.ArgumentParserUnitTests" time="0.001"/>
  <testcase name="testParseReturnsCorrectExceptionMessageWhenGivenLessArgsThanSpecified" classname="edu.jsu.mcis.ArgumentParserUnitTests" time="0.0"/>
  <testcase name="testAddArgumentAndNullValues" classname="edu.jsu.mcis.ArgumentParserUnitTests" time="0.0"/>
  <testcase name="testAddNamedArgumentInArgumentParserAndReturnCorrectNamedArgumentInArgumentParser" classname="edu.jsu.mcis.ArgumentParserUnitTests" time="0.0"/>
  <testcase name="testParseThrowsIncorrectArgTypeExceptionForNamedArguments" classname="edu.jsu.mcis.ArgumentParserUnitTests" time="0.001"/>
  <testcase name="testEnterNamedArgNameAndTypeAndReturnCorrectInfo" classname="edu.jsu.mcis.ArgumentParserUnitTests" time="0.0"/>
  <testcase name="testBooleanNamedArgAssignedCorrectValueWhenCalledInCLI" classname="edu.jsu.mcis.ArgumentParserUnitTests" time="0.0"/>
  <testcase name="testForAddProgramDescriptionAndReturnCorrectProgramDescription" classname="edu.jsu.mcis.ArgumentParserUnitTests" time="0.0"/>
  <testcase name="testWriteAllInformationToXMLFileAndReadBackInCorrectInfo" classname="edu.jsu.mcis.ArgumentParserUnitTests" time="0.01"/>
  <testcase name="testAddNamedArgumentWithoutTypeAndReturnDefaultType" classname="edu.jsu.mcis.ArgumentParserUnitTests" time="0.0"/>
  <testcase name="testAddingNamedArgumentWithShortFormAndValueAndDataTypeThenReturnCorrectShortForm" classname="edu.jsu.mcis.ArgumentParserUnitTests" time="0.0"/>
  <testcase name="testAddingNamedArgumentWithShortFormAndDataTypeThenReturnCorrectShortForm" classname="edu.jsu.mcis.ArgumentParserUnitTests" time="0.0"/>
  <testcase name="testParseReadsCorrectArgumentsWhenGivenShortFormFlagsCombinedInSingleSpecification" classname="edu.jsu.mcis.ArgumentParserUnitTests" time="0.001"/>
  <testcase name="testAddingFloatAndBooleanArgumentsAndParseValuesCorrectly" classname="edu.jsu.mcis.ArgumentParserUnitTests" time="0.0"/>
  <testcase name="testAddingNamedArgumentWithShortFormAndDataTypeAndDescriptionThenReturnCorrectShortForm" classname="edu.jsu.mcis.ArgumentParserUnitTests" time="0.0"/>
  <testcase name="testAddNamedArgumentAndReturnCorrectNameWithTypeValueAndDescriptionWithFloat" classname="edu.jsu.mcis.ArgumentParserUnitTests" time="0.0"/>
  <testcase name="testAddArgumentInArgumentParserAndReturnCorrectArgumentInArgumentParser" classname="edu.jsu.mcis.ArgumentParserUnitTests" time="0.0"/>
  <testcase name="testParseReadsCorrectArgumentsWhenGivenMultipleNamedArguments" classname="edu.jsu.mcis.ArgumentParserUnitTests" time="0.001"/>
  <system-out><![CDATA[]]></system-out>
  <system-err><![CDATA[]]></system-err>
</testsuite>
