<?xml version="1.0" encoding="UTF-8"?>
<testsuite name="edu.jsu.mcis.ArgumentParserUnitTests" tests="70" skipped="0" failures="2" errors="0" timestamp="2015-11-19T23:03:45" hostname="Katies-MacBook-Air-2.local" time="0.19">
  <properties/>
  <testcase name="testAddingNamedArgumentWithShortFormAndReturnCorrectShortForm" classname="edu.jsu.mcis.ArgumentParserUnitTests" time="0.013"/>
  <testcase name="testParseThrowsArgumentDoesNotExistExeptionForNamedArguments" classname="edu.jsu.mcis.ArgumentParserUnitTests" time="0.031"/>
  <testcase name="TestNamedArgumentWithValueSetWithDefaultValueAndDataType" classname="edu.jsu.mcis.ArgumentParserUnitTests" time="0.007"/>
  <testcase name="testEnterLongFormHelpAndReturnCorrectMessage" classname="edu.jsu.mcis.ArgumentParserUnitTests" time="0.001"/>
  <testcase name="testNamedArgValuesFromCLIAssignedToCorrectNamedArgument" classname="edu.jsu.mcis.ArgumentParserUnitTests" time="0.0"/>
  <testcase name="testAddArgumentAndReturnCorrectName" classname="edu.jsu.mcis.ArgumentParserUnitTests" time="0.0"/>
  <testcase name="TestPositionalArgumentWithNameAndValueSet" classname="edu.jsu.mcis.ArgumentParserUnitTests" time="0.0"/>
  <testcase name="TestNamedArgumentWithShortFormAndValueSetWithDataType" classname="edu.jsu.mcis.ArgumentParserUnitTests" time="0.0"/>
  <testcase name="testParseReadsCorrectArgumentsWhenGivenShortFormNamedArguments" classname="edu.jsu.mcis.ArgumentParserUnitTests" time="0.0"/>
  <testcase name="NamedArgumentConstructorWithNameDefaultValueandDescriptioinAndValueSet" classname="edu.jsu.mcis.ArgumentParserUnitTests" time="0.0"/>
  <testcase name="testParseReturnsCorrectExceptionMessageWhenGivenMoreArgsThanSpecified" classname="edu.jsu.mcis.ArgumentParserUnitTests" time="0.0"/>
  <testcase name="testAddSetOfValuesToArgumentAndReturnCorrectSetOfValues" classname="edu.jsu.mcis.ArgumentParserUnitTests" time="0.001"/>
  <testcase name="testAddingNamedArgumentWithShortFormAndValueAndDataTypeAndDescriptionThenReturnCorrectShortForm" classname="edu.jsu.mcis.ArgumentParserUnitTests" time="0.0"/>
  <testcase name="testImportingXMLFileWithValueSetStoresCorrectInfoForEachArgumentFromOutsideOfArgumentParser" classname="edu.jsu.mcis.ArgumentParserUnitTests" time="0.063"/>
  <testcase name="testAddNamedArgumentAndReturnCorrectDefaultValue" classname="edu.jsu.mcis.ArgumentParserUnitTests" time="0.0"/>
  <testcase name="testArgValuesFromCLIAssignedToCorrectArgument" classname="edu.jsu.mcis.ArgumentParserUnitTests" time="0.001"/>
  <testcase name="testParseReturnsCorrectHelpExceptionMessage" classname="edu.jsu.mcis.ArgumentParserUnitTests" time="0.0"/>
  <testcase name="TestPositionalArgumentWithNameAndDescriptionAndValueSet" classname="edu.jsu.mcis.ArgumentParserUnitTests" time="0.0"/>
  <testcase name="testImportingXMLFileStoresCorrectInfoForEachArgumentFromOutsideOfArgumentParser" classname="edu.jsu.mcis.ArgumentParserUnitTests" time="0.006"/>
  <testcase name="testForAddProgramNameAndReturnCorrectProgramName" classname="edu.jsu.mcis.ArgumentParserUnitTests" time="0.0"/>
  <testcase name="testGetArgumentReturnCorrectArgumentBySearchingForPosition" classname="edu.jsu.mcis.ArgumentParserUnitTests" time="0.0"/>
  <testcase name="testAddingNamedArgumentWithShortFormAndValueThenReturnCorrectShortForm" classname="edu.jsu.mcis.ArgumentParserUnitTests" time="0.001"/>
  <testcase name="testAddNamedArgumentWithDescriptionAndReturnCorrectDescriptionAndDefaultType" classname="edu.jsu.mcis.ArgumentParserUnitTests" time="0.0"/>
  <testcase name="testParseReadsCorrectPositionalArgsWhenGivenNamedArgsAlso" classname="edu.jsu.mcis.ArgumentParserUnitTests" time="0.001"/>
  <testcase name="testParseDataTypeThrowsCorrectExceptionForIncorrectBooleanValues" classname="edu.jsu.mcis.ArgumentParserUnitTests" time="0.001"/>
  <testcase name="testAddNamedArgumentAndReturnCorrectNameWithTypeValueAndDescription" classname="edu.jsu.mcis.ArgumentParserUnitTests" time="0.0"/>
  <testcase name="testParseReturnsCorrectExceptionMessageWhenGivenIncorrectDataType" classname="edu.jsu.mcis.ArgumentParserUnitTests" time="0.0"/>
  <testcase name="testParseReadsCorrectPositionalArgsWhenGivenBooleanNamedArgsAlso" classname="edu.jsu.mcis.ArgumentParserUnitTests" time="0.001"/>
  <testcase name="TestNamedArgumentWithShortFormAndValueSetWithDataTypeAndDescription" classname="edu.jsu.mcis.ArgumentParserUnitTests" time="0.0"/>
  <testcase name="NamedArgumentConstructorWithValueSetTest" classname="edu.jsu.mcis.ArgumentParserUnitTests" time="0.0"/>
  <testcase name="testParseThrowsHelpExceptionWhenGivenShortFormHelpArgument" classname="edu.jsu.mcis.ArgumentParserUnitTests" time="0.0"/>
  <testcase name="testPositionalArgumentHoldsPosition" classname="edu.jsu.mcis.ArgumentParserUnitTests" time="0.0"/>
  <testcase name="TestNamedArgumentWithShortFormAndValueSetWithDefaultValueAndDataType" classname="edu.jsu.mcis.ArgumentParserUnitTests" time="0.001"/>
  <testcase name="TestNamedArgumentDefaultBoolean" classname="edu.jsu.mcis.ArgumentParserUnitTests" time="0.0"/>
  <testcase name="testAddArgumentWithDescriptionAndReturnCorrectDescriptionAndDefaultType" classname="edu.jsu.mcis.ArgumentParserUnitTests" time="0.001"/>
  <testcase name="testAddNamedArgumentWithShortFormAndReturnCorrectNamedArgumentInArgumentParserUsingShortFormName" classname="edu.jsu.mcis.ArgumentParserUnitTests" time="0.0"/>
  <testcase name="testParseThrowsCorrectExceptionWhenGivenIncorrectDataTypeAndNamedHelpArgument" classname="edu.jsu.mcis.ArgumentParserUnitTests" time="0.0"/>
  <testcase name="testAddingNamedArgumentWithShortFormAndValueAndDescriptionThenReturnCorrectShortForm" classname="edu.jsu.mcis.ArgumentParserUnitTests" time="0.0"/>
  <testcase name="testParseThrowsExceptionWhenGivenIncorrectPositionalArgumentValue" classname="edu.jsu.mcis.ArgumentParserUnitTests" time="0.007">
    <failure message="org.junit.ComparisonFailure: expected:&lt;...alculator&#10;required: [length width height number&#10;optional: type digits]&#10;VolumeCalculator.ja...&gt; but was:&lt;...alculator&#10;required: [[length] [width] [height] [number]&#10;optional: [type] [digits]]&#10;VolumeCalculator.ja...&gt;" type="org.junit.ComparisonFailure">org.junit.ComparisonFailure: expected:&lt;...alculator
required: [length width height number
optional: type digits]
VolumeCalculator.ja...&gt; but was:&lt;...alculator
required: [[length] [width] [height] [number]
optional: [type] [digits]]
VolumeCalculator.ja...&gt;
	at org.junit.Assert.assertEquals(Assert.java:115)
	at org.junit.Assert.assertEquals(Assert.java:144)
	at edu.jsu.mcis.ArgumentParserUnitTests.testParseThrowsExceptionWhenGivenIncorrectPositionalArgumentValue(ArgumentParserUnitTests.java:843)
	at sun.reflect.NativeMethodAccessorImpl.invoke0(Native Method)
	at sun.reflect.NativeMethodAccessorImpl.invoke(NativeMethodAccessorImpl.java:57)
	at sun.reflect.DelegatingMethodAccessorImpl.invoke(DelegatingMethodAccessorImpl.java:43)
	at java.lang.reflect.Method.invoke(Method.java:606)
	at org.junit.runners.model.FrameworkMethod$1.runReflectiveCall(FrameworkMethod.java:50)
	at org.junit.internal.runners.model.ReflectiveCallable.run(ReflectiveCallable.java:12)
	at org.junit.runners.model.FrameworkMethod.invokeExplosively(FrameworkMethod.java:47)
	at org.junit.internal.runners.statements.InvokeMethod.evaluate(InvokeMethod.java:17)
	at org.junit.runners.ParentRunner.runLeaf(ParentRunner.java:325)
	at org.junit.runners.BlockJUnit4ClassRunner.runChild(BlockJUnit4ClassRunner.java:78)
	at org.junit.runners.BlockJUnit4ClassRunner.runChild(BlockJUnit4ClassRunner.java:57)
	at org.junit.runners.ParentRunner$3.run(ParentRunner.java:290)
	at org.junit.runners.ParentRunner$1.schedule(ParentRunner.java:71)
	at org.junit.runners.ParentRunner.runChildren(ParentRunner.java:288)
	at org.junit.runners.ParentRunner.access$000(ParentRunner.java:58)
	at org.junit.runners.ParentRunner$2.evaluate(ParentRunner.java:268)
	at org.junit.runners.ParentRunner.run(ParentRunner.java:363)
	at org.gradle.api.internal.tasks.testing.junit.JUnitTestClassExecuter.runTestClass(JUnitTestClassExecuter.java:105)
	at org.gradle.api.internal.tasks.testing.junit.JUnitTestClassExecuter.execute(JUnitTestClassExecuter.java:56)
	at org.gradle.api.internal.tasks.testing.junit.JUnitTestClassProcessor.processTestClass(JUnitTestClassProcessor.java:64)
	at org.gradle.api.internal.tasks.testing.SuiteTestClassProcessor.processTestClass(SuiteTestClassProcessor.java:50)
	at sun.reflect.NativeMethodAccessorImpl.invoke0(Native Method)
	at sun.reflect.NativeMethodAccessorImpl.invoke(NativeMethodAccessorImpl.java:57)
	at sun.reflect.DelegatingMethodAccessorImpl.invoke(DelegatingMethodAccessorImpl.java:43)
	at java.lang.reflect.Method.invoke(Method.java:606)
	at org.gradle.messaging.dispatch.ReflectionDispatch.dispatch(ReflectionDispatch.java:35)
	at org.gradle.messaging.dispatch.ReflectionDispatch.dispatch(ReflectionDispatch.java:24)
	at org.gradle.messaging.dispatch.ContextClassLoaderDispatch.dispatch(ContextClassLoaderDispatch.java:32)
	at org.gradle.messaging.dispatch.ProxyDispatchAdapter$DispatchingInvocationHandler.invoke(ProxyDispatchAdapter.java:93)
	at com.sun.proxy.$Proxy2.processTestClass(Unknown Source)
	at org.gradle.api.internal.tasks.testing.worker.TestWorker.processTestClass(TestWorker.java:106)
	at sun.reflect.NativeMethodAccessorImpl.invoke0(Native Method)
	at sun.reflect.NativeMethodAccessorImpl.invoke(NativeMethodAccessorImpl.java:57)
	at sun.reflect.DelegatingMethodAccessorImpl.invoke(DelegatingMethodAccessorImpl.java:43)
	at java.lang.reflect.Method.invoke(Method.java:606)
	at org.gradle.messaging.dispatch.ReflectionDispatch.dispatch(ReflectionDispatch.java:35)
	at org.gradle.messaging.dispatch.ReflectionDispatch.dispatch(ReflectionDispatch.java:24)
	at org.gradle.messaging.remote.internal.hub.MessageHub$Handler.run(MessageHub.java:360)
	at org.gradle.internal.concurrent.ExecutorPolicy$CatchAndRecordFailures.onExecute(ExecutorPolicy.java:54)
	at org.gradle.internal.concurrent.StoppableExecutorImpl$1.run(StoppableExecutorImpl.java:40)
	at java.util.concurrent.ThreadPoolExecutor.runWorker(ThreadPoolExecutor.java:1145)
	at java.util.concurrent.ThreadPoolExecutor$Worker.run(ThreadPoolExecutor.java:615)
	at java.lang.Thread.run(Thread.java:745)
</failure>
  </testcase>
  <testcase name="testAddArgumentWithoutTypeAndReturnDefaultType" classname="edu.jsu.mcis.ArgumentParserUnitTests" time="0.001"/>
  <testcase name="testAddNamedArgumentAndReturnCorrectName" classname="edu.jsu.mcis.ArgumentParserUnitTests" time="0.0"/>
  <testcase name="testAddNamedArgumentAndReturnCorrectNameWithDefaultValue" classname="edu.jsu.mcis.ArgumentParserUnitTests" time="0.0"/>
  <testcase name="testParseThrowsExceptionWhenGivenIncorrectNamedArgumentValue" classname="edu.jsu.mcis.ArgumentParserUnitTests" time="0.0">
    <failure message="org.junit.ComparisonFailure: expected:&lt;...alculator&#10;required: [length width height&#10;optional: type digits]&#10;VolumeCalculator.ja...&gt; but was:&lt;...alculator&#10;required: [[length] [width] [height]&#10;optional: [type] [digits]]&#10;VolumeCalculator.ja...&gt;" type="org.junit.ComparisonFailure">org.junit.ComparisonFailure: expected:&lt;...alculator
required: [length width height
optional: type digits]
VolumeCalculator.ja...&gt; but was:&lt;...alculator
required: [[length] [width] [height]
optional: [type] [digits]]
VolumeCalculator.ja...&gt;
	at org.junit.Assert.assertEquals(Assert.java:115)
	at org.junit.Assert.assertEquals(Assert.java:144)
	at edu.jsu.mcis.ArgumentParserUnitTests.testParseThrowsExceptionWhenGivenIncorrectNamedArgumentValue(ArgumentParserUnitTests.java:814)
	at sun.reflect.NativeMethodAccessorImpl.invoke0(Native Method)
	at sun.reflect.NativeMethodAccessorImpl.invoke(NativeMethodAccessorImpl.java:57)
	at sun.reflect.DelegatingMethodAccessorImpl.invoke(DelegatingMethodAccessorImpl.java:43)
	at java.lang.reflect.Method.invoke(Method.java:606)
	at org.junit.runners.model.FrameworkMethod$1.runReflectiveCall(FrameworkMethod.java:50)
	at org.junit.internal.runners.model.ReflectiveCallable.run(ReflectiveCallable.java:12)
	at org.junit.runners.model.FrameworkMethod.invokeExplosively(FrameworkMethod.java:47)
	at org.junit.internal.runners.statements.InvokeMethod.evaluate(InvokeMethod.java:17)
	at org.junit.runners.ParentRunner.runLeaf(ParentRunner.java:325)
	at org.junit.runners.BlockJUnit4ClassRunner.runChild(BlockJUnit4ClassRunner.java:78)
	at org.junit.runners.BlockJUnit4ClassRunner.runChild(BlockJUnit4ClassRunner.java:57)
	at org.junit.runners.ParentRunner$3.run(ParentRunner.java:290)
	at org.junit.runners.ParentRunner$1.schedule(ParentRunner.java:71)
	at org.junit.runners.ParentRunner.runChildren(ParentRunner.java:288)
	at org.junit.runners.ParentRunner.access$000(ParentRunner.java:58)
	at org.junit.runners.ParentRunner$2.evaluate(ParentRunner.java:268)
	at org.junit.runners.ParentRunner.run(ParentRunner.java:363)
	at org.gradle.api.internal.tasks.testing.junit.JUnitTestClassExecuter.runTestClass(JUnitTestClassExecuter.java:105)
	at org.gradle.api.internal.tasks.testing.junit.JUnitTestClassExecuter.execute(JUnitTestClassExecuter.java:56)
	at org.gradle.api.internal.tasks.testing.junit.JUnitTestClassProcessor.processTestClass(JUnitTestClassProcessor.java:64)
	at org.gradle.api.internal.tasks.testing.SuiteTestClassProcessor.processTestClass(SuiteTestClassProcessor.java:50)
	at sun.reflect.NativeMethodAccessorImpl.invoke0(Native Method)
	at sun.reflect.NativeMethodAccessorImpl.invoke(NativeMethodAccessorImpl.java:57)
	at sun.reflect.DelegatingMethodAccessorImpl.invoke(DelegatingMethodAccessorImpl.java:43)
	at java.lang.reflect.Method.invoke(Method.java:606)
	at org.gradle.messaging.dispatch.ReflectionDispatch.dispatch(ReflectionDispatch.java:35)
	at org.gradle.messaging.dispatch.ReflectionDispatch.dispatch(ReflectionDispatch.java:24)
	at org.gradle.messaging.dispatch.ContextClassLoaderDispatch.dispatch(ContextClassLoaderDispatch.java:32)
	at org.gradle.messaging.dispatch.ProxyDispatchAdapter$DispatchingInvocationHandler.invoke(ProxyDispatchAdapter.java:93)
	at com.sun.proxy.$Proxy2.processTestClass(Unknown Source)
	at org.gradle.api.internal.tasks.testing.worker.TestWorker.processTestClass(TestWorker.java:106)
	at sun.reflect.NativeMethodAccessorImpl.invoke0(Native Method)
	at sun.reflect.NativeMethodAccessorImpl.invoke(NativeMethodAccessorImpl.java:57)
	at sun.reflect.DelegatingMethodAccessorImpl.invoke(DelegatingMethodAccessorImpl.java:43)
	at java.lang.reflect.Method.invoke(Method.java:606)
	at org.gradle.messaging.dispatch.ReflectionDispatch.dispatch(ReflectionDispatch.java:35)
	at org.gradle.messaging.dispatch.ReflectionDispatch.dispatch(ReflectionDispatch.java:24)
	at org.gradle.messaging.remote.internal.hub.MessageHub$Handler.run(MessageHub.java:360)
	at org.gradle.internal.concurrent.ExecutorPolicy$CatchAndRecordFailures.onExecute(ExecutorPolicy.java:54)
	at org.gradle.internal.concurrent.StoppableExecutorImpl$1.run(StoppableExecutorImpl.java:40)
	at java.util.concurrent.ThreadPoolExecutor.runWorker(ThreadPoolExecutor.java:1145)
	at java.util.concurrent.ThreadPoolExecutor$Worker.run(ThreadPoolExecutor.java:615)
	at java.lang.Thread.run(Thread.java:745)
</failure>
  </testcase>
  <testcase name="testEnterArgNameAndTypeAndReturnCorrectInfo" classname="edu.jsu.mcis.ArgumentParserUnitTests" time="0.0"/>
  <testcase name="testParseReturnsCorrectExceptionMessageWhenGivenLessArgsThanSpecified" classname="edu.jsu.mcis.ArgumentParserUnitTests" time="0.0"/>
  <testcase name="testAddArgumentAndNullValues" classname="edu.jsu.mcis.ArgumentParserUnitTests" time="0.0"/>
  <testcase name="testAddNamedArgumentInArgumentParserAndReturnCorrectNamedArgumentInArgumentParser" classname="edu.jsu.mcis.ArgumentParserUnitTests" time="0.0"/>
  <testcase name="testParseThrowsIncorrectArgTypeExceptionForNamedArguments" classname="edu.jsu.mcis.ArgumentParserUnitTests" time="0.0"/>
  <testcase name="testEnterNamedArgNameAndTypeAndReturnCorrectInfo" classname="edu.jsu.mcis.ArgumentParserUnitTests" time="0.0"/>
  <testcase name="testBooleanNamedArgAssignedCorrectValueWhenCalledInCLI" classname="edu.jsu.mcis.ArgumentParserUnitTests" time="0.0"/>
  <testcase name="testForAddProgramDescriptionAndReturnCorrectProgramDescription" classname="edu.jsu.mcis.ArgumentParserUnitTests" time="0.0"/>
  <testcase name="testWriteAllInformationToXMLFileAndReadBackInCorrectInfo" classname="edu.jsu.mcis.ArgumentParserUnitTests" time="0.013"/>
  <testcase name="testAddNamedArgumentWithoutTypeAndReturnDefaultType" classname="edu.jsu.mcis.ArgumentParserUnitTests" time="0.0"/>
  <testcase name="NamedArgumentConstructorWithValuesandDataTypeandArgumentDescription" classname="edu.jsu.mcis.ArgumentParserUnitTests" time="0.0"/>
  <testcase name="testAddingNamedArgumentWithShortFormAndValueAndDataTypeThenReturnCorrectShortForm" classname="edu.jsu.mcis.ArgumentParserUnitTests" time="0.001"/>
  <testcase name="TestNamedArgumentsWithEachDifferentValue" classname="edu.jsu.mcis.ArgumentParserUnitTests" time="0.001"/>
  <testcase name="NamedArgumentConstructorWithValuesandDataType" classname="edu.jsu.mcis.ArgumentParserUnitTests" time="0.0"/>
  <testcase name="TestPositionalArgumentWithNameAndTypeAndValueSet" classname="edu.jsu.mcis.ArgumentParserUnitTests" time="0.0"/>
  <testcase name="testAddingNamedArgumentWithShortFormAndDataTypeThenReturnCorrectShortForm" classname="edu.jsu.mcis.ArgumentParserUnitTests" time="0.001"/>
  <testcase name="testParseReadsCorrectArgumentsWhenGivenShortFormFlagsCombinedInSingleSpecification" classname="edu.jsu.mcis.ArgumentParserUnitTests" time="0.0"/>
  <testcase name="testAddingFloatAndBooleanArgumentsAndParseValuesCorrectly" classname="edu.jsu.mcis.ArgumentParserUnitTests" time="0.0"/>
  <testcase name="TestNamedArgumentWithShortFormAndValueSet" classname="edu.jsu.mcis.ArgumentParserUnitTests" time="0.001"/>
  <testcase name="testAddingNamedArgumentWithShortFormAndDataTypeAndDescriptionThenReturnCorrectShortForm" classname="edu.jsu.mcis.ArgumentParserUnitTests" time="0.0"/>
  <testcase name="TestNamedArgumentWithShortFormAndValueSetWithDefaultValueAndDescription" classname="edu.jsu.mcis.ArgumentParserUnitTests" time="0.0"/>
  <testcase name="testAddNamedArgumentAndReturnCorrectNameWithTypeValueAndDescriptionWithFloat" classname="edu.jsu.mcis.ArgumentParserUnitTests" time="0.0"/>
  <testcase name="testAddArgumentInArgumentParserAndReturnCorrectArgumentInArgumentParser" classname="edu.jsu.mcis.ArgumentParserUnitTests" time="0.0"/>
  <testcase name="TestNamedArgumentWithShortFormAndValueSetWithDescription" classname="edu.jsu.mcis.ArgumentParserUnitTests" time="0.0"/>
  <testcase name="testParseReadsCorrectArgumentsWhenGivenMultipleNamedArguments" classname="edu.jsu.mcis.ArgumentParserUnitTests" time="0.0"/>
  <testcase name="NamedArgumentConstructorWithNameDefaultValueAndValueSet" classname="edu.jsu.mcis.ArgumentParserUnitTests" time="0.0"/>
  <testcase name="NamedArgumentConstructorWithNameValueTypeAndDefaultValueandDescriptioinAndValueSet" classname="edu.jsu.mcis.ArgumentParserUnitTests" time="0.001"/>
  <system-out><![CDATA[]]></system-out>
  <system-err><![CDATA[]]></system-err>
</testsuite>
