<?xml version="1.0" encoding="UTF-8"?>
<<<<<<< Updated upstream
<testsuite name="edu.jsu.mcis.ArgumentParserUnitTests" tests="45" skipped="0" failures="0" errors="0" timestamp="2015-11-08T19:31:40" hostname="Katies-MacBook-Air-2.local" time="0.138">
  <properties/>
  <testcase name="testAddingNamedArgumentWithShortFormAndReturnCorrectShortForm" classname="edu.jsu.mcis.ArgumentParserUnitTests" time="0.011"/>
  <testcase name="testParseThrowsArgumentDoesNotExistExeptionForNamedArguments" classname="edu.jsu.mcis.ArgumentParserUnitTests" time="0.026"/>
  <testcase name="testEnterLongFormHelpAndReturnCorrectMessage" classname="edu.jsu.mcis.ArgumentParserUnitTests" time="0.0"/>
=======
<testsuite name="edu.jsu.mcis.ArgumentParserUnitTests" tests="45" skipped="0" failures="1" errors="0" timestamp="2015-11-06T22:30:43" hostname="Roberts-MacBook-Pro.local" time="0.069">
  <properties/>
  <testcase name="testAddingNamedArgumentWithShortFormAndReturnCorrectShortForm" classname="edu.jsu.mcis.ArgumentParserUnitTests" time="0.008"/>
  <testcase name="testParseThrowsArgumentDoesNotExistExeptionForNamedArguments" classname="edu.jsu.mcis.ArgumentParserUnitTests" time="0.012"/>
  <testcase name="testEnterLongFormHelpAndReturnCorrectMessage" classname="edu.jsu.mcis.ArgumentParserUnitTests" time="0.001"/>
>>>>>>> Stashed changes
  <testcase name="testNamedArgValuesFromCLIAssignedToCorrectNamedArgument" classname="edu.jsu.mcis.ArgumentParserUnitTests" time="0.0"/>
  <testcase name="testAddArgumentAndReturnCorrectName" classname="edu.jsu.mcis.ArgumentParserUnitTests" time="0.0"/>
  <testcase name="testParseReadsCorrectArgumentsWhenGivenShortFormNamedArguments" classname="edu.jsu.mcis.ArgumentParserUnitTests" time="0.0"/>
  <testcase name="testParseReturnsCorrectExceptionMessageWhenGivenMoreArgsThanSpecified" classname="edu.jsu.mcis.ArgumentParserUnitTests" time="0.0"/>
  <testcase name="testAddingNamedArgumentWithShortFormAndValueAndDataTypeAndDescriptionThenReturnCorrectShortForm" classname="edu.jsu.mcis.ArgumentParserUnitTests" time="0.0"/>
  <testcase name="testAddNamedArgumentAndReturnCorrectDefaultValue" classname="edu.jsu.mcis.ArgumentParserUnitTests" time="0.0"/>
  <testcase name="testArgValuesFromCLIAssignedToCorrectArgument" classname="edu.jsu.mcis.ArgumentParserUnitTests" time="0.0"/>
  <testcase name="testParseReturnsCorrectHelpExceptionMessage" classname="edu.jsu.mcis.ArgumentParserUnitTests" time="0.001"/>
<<<<<<< Updated upstream
  <testcase name="testImportingXMLFileStoresCorrectInfoForEachArgumentFromOutsideOfArgumentParser" classname="edu.jsu.mcis.ArgumentParserUnitTests" time="0.075"/>
=======
  <testcase name="testImportingXMLFileStoresCorrectInfoForEachArgumentFromOutsideOfArgumentParser" classname="edu.jsu.mcis.ArgumentParserUnitTests" time="0.032">
    <failure message="java.lang.AssertionError: expected:&lt;&gt; but was:&lt;java.io.FileNotFoundException: /Users/katiewood/Documents/Software_Engineering/ArgParse_CS310/Arguments.xml (No such file or directory)&gt;" type="java.lang.AssertionError">java.lang.AssertionError: expected:&lt;&gt; but was:&lt;java.io.FileNotFoundException: /Users/katiewood/Documents/Software_Engineering/ArgParse_CS310/Arguments.xml (No such file or directory)&gt;
	at org.junit.Assert.fail(Assert.java:88)
	at org.junit.Assert.failNotEquals(Assert.java:834)
	at org.junit.Assert.assertEquals(Assert.java:118)
	at org.junit.Assert.assertEquals(Assert.java:144)
	at edu.jsu.mcis.ArgumentParserUnitTests.testImportingXMLFileStoresCorrectInfoForEachArgumentFromOutsideOfArgumentParser(ArgumentParserUnitTests.java:736)
	at sun.reflect.NativeMethodAccessorImpl.invoke0(Native Method)
	at sun.reflect.NativeMethodAccessorImpl.invoke(NativeMethodAccessorImpl.java:57)
	at sun.reflect.DelegatingMethodAccessorImpl.invoke(DelegatingMethodAccessorImpl.java:43)
	at java.lang.reflect.Method.invoke(Method.java:606)
	at org.junit.runners.model.FrameworkMethod$1.runReflectiveCall(FrameworkMethod.java:50)
	at org.junit.internal.runners.model.ReflectiveCallable.run(ReflectiveCallable.java:12)
	at org.junit.runners.model.FrameworkMethod.invokeExplosively(FrameworkMethod.java:47)
	at org.junit.internal.runners.statements.InvokeMethod.evaluate(InvokeMethod.java:17)
	at org.junit.runners.ParentRunner.runLeaf(ParentRunner.java:325)
	at org.junit.runners.BlockJUnit4ClassRunner.runChild(BlockJUnit4ClassRunner.java:78)
	at org.junit.runners.BlockJUnit4ClassRunner.runChild(BlockJUnit4ClassRunner.java:57)
	at org.junit.runners.ParentRunner$3.run(ParentRunner.java:290)
	at org.junit.runners.ParentRunner$1.schedule(ParentRunner.java:71)
	at org.junit.runners.ParentRunner.runChildren(ParentRunner.java:288)
	at org.junit.runners.ParentRunner.access$000(ParentRunner.java:58)
	at org.junit.runners.ParentRunner$2.evaluate(ParentRunner.java:268)
	at org.junit.runners.ParentRunner.run(ParentRunner.java:363)
	at org.gradle.api.internal.tasks.testing.junit.JUnitTestClassExecuter.runTestClass(JUnitTestClassExecuter.java:105)
	at org.gradle.api.internal.tasks.testing.junit.JUnitTestClassExecuter.execute(JUnitTestClassExecuter.java:56)
	at org.gradle.api.internal.tasks.testing.junit.JUnitTestClassProcessor.processTestClass(JUnitTestClassProcessor.java:64)
	at org.gradle.api.internal.tasks.testing.SuiteTestClassProcessor.processTestClass(SuiteTestClassProcessor.java:50)
	at sun.reflect.NativeMethodAccessorImpl.invoke0(Native Method)
	at sun.reflect.NativeMethodAccessorImpl.invoke(NativeMethodAccessorImpl.java:57)
	at sun.reflect.DelegatingMethodAccessorImpl.invoke(DelegatingMethodAccessorImpl.java:43)
	at java.lang.reflect.Method.invoke(Method.java:606)
	at org.gradle.messaging.dispatch.ReflectionDispatch.dispatch(ReflectionDispatch.java:35)
	at org.gradle.messaging.dispatch.ReflectionDispatch.dispatch(ReflectionDispatch.java:24)
	at org.gradle.messaging.dispatch.ContextClassLoaderDispatch.dispatch(ContextClassLoaderDispatch.java:32)
	at org.gradle.messaging.dispatch.ProxyDispatchAdapter$DispatchingInvocationHandler.invoke(ProxyDispatchAdapter.java:93)
	at com.sun.proxy.$Proxy2.processTestClass(Unknown Source)
	at org.gradle.api.internal.tasks.testing.worker.TestWorker.processTestClass(TestWorker.java:106)
	at sun.reflect.NativeMethodAccessorImpl.invoke0(Native Method)
	at sun.reflect.NativeMethodAccessorImpl.invoke(NativeMethodAccessorImpl.java:57)
	at sun.reflect.DelegatingMethodAccessorImpl.invoke(DelegatingMethodAccessorImpl.java:43)
	at java.lang.reflect.Method.invoke(Method.java:606)
	at org.gradle.messaging.dispatch.ReflectionDispatch.dispatch(ReflectionDispatch.java:35)
	at org.gradle.messaging.dispatch.ReflectionDispatch.dispatch(ReflectionDispatch.java:24)
	at org.gradle.messaging.remote.internal.hub.MessageHub$Handler.run(MessageHub.java:360)
	at org.gradle.internal.concurrent.ExecutorPolicy$CatchAndRecordFailures.onExecute(ExecutorPolicy.java:54)
	at org.gradle.internal.concurrent.StoppableExecutorImpl$1.run(StoppableExecutorImpl.java:40)
	at java.util.concurrent.ThreadPoolExecutor.runWorker(ThreadPoolExecutor.java:1145)
	at java.util.concurrent.ThreadPoolExecutor$Worker.run(ThreadPoolExecutor.java:615)
	at java.lang.Thread.run(Thread.java:745)
</failure>
  </testcase>
>>>>>>> Stashed changes
  <testcase name="testForAddProgramNameAndReturnCorrectProgramName" classname="edu.jsu.mcis.ArgumentParserUnitTests" time="0.0"/>
  <testcase name="testGetArgumentReturnCorrectArgumentBySearchingForPosition" classname="edu.jsu.mcis.ArgumentParserUnitTests" time="0.0"/>
  <testcase name="testAddingNamedArgumentWithShortFormAndValueThenReturnCorrectShortForm" classname="edu.jsu.mcis.ArgumentParserUnitTests" time="0.0"/>
  <testcase name="testAddNamedArgumentWithDescriptionAndReturnCorrectDescriptionAndDefaultType" classname="edu.jsu.mcis.ArgumentParserUnitTests" time="0.001"/>
  <testcase name="testParseReadsCorrectPositionalArgsWhenGivenNamedArgsAlso" classname="edu.jsu.mcis.ArgumentParserUnitTests" time="0.001"/>
  <testcase name="testAddNamedArgumentAndReturnCorrectNameWithTypeValueAndDescription" classname="edu.jsu.mcis.ArgumentParserUnitTests" time="0.0"/>
<<<<<<< Updated upstream
  <testcase name="testParseReturnsCorrectExceptionMessageWhenGivenIncorrectDataType" classname="edu.jsu.mcis.ArgumentParserUnitTests" time="0.001"/>
  <testcase name="testParseReadsCorrectPositionalArgsWhenGivenBooleanNamedArgsAlso" classname="edu.jsu.mcis.ArgumentParserUnitTests" time="0.0"/>
  <testcase name="testParseThrowsHelpExceptionWhenGivenShortFormHelpArgument" classname="edu.jsu.mcis.ArgumentParserUnitTests" time="0.0"/>
  <testcase name="testPositionalArgumentHoldsPosition" classname="edu.jsu.mcis.ArgumentParserUnitTests" time="0.0"/>
  <testcase name="testAddArgumentWithDescriptionAndReturnCorrectDescriptionAndDefaultType" classname="edu.jsu.mcis.ArgumentParserUnitTests" time="0.0"/>
  <testcase name="testAddNamedArgumentWithShortFormAndReturnCorrectNamedArgumentInArgumentParserUsingShortFormName" classname="edu.jsu.mcis.ArgumentParserUnitTests" time="0.0"/>
  <testcase name="testParseThrowsCorrectExceptionWhenGivenIncorrectDataTypeAndNamedHelpArgument" classname="edu.jsu.mcis.ArgumentParserUnitTests" time="0.0"/>
  <testcase name="testAddingNamedArgumentWithShortFormAndValueAndDescriptionThenReturnCorrectShortForm" classname="edu.jsu.mcis.ArgumentParserUnitTests" time="0.0"/>
  <testcase name="testAddArgumentWithoutTypeAndReturnDefaultType" classname="edu.jsu.mcis.ArgumentParserUnitTests" time="0.001"/>
=======
  <testcase name="testParseReturnsCorrectExceptionMessageWhenGivenIncorrectDataType" classname="edu.jsu.mcis.ArgumentParserUnitTests" time="0.0"/>
  <testcase name="testParseReadsCorrectPositionalArgsWhenGivenBooleanNamedArgsAlso" classname="edu.jsu.mcis.ArgumentParserUnitTests" time="0.001"/>
  <testcase name="testParseThrowsHelpExceptionWhenGivenShortFormHelpArgument" classname="edu.jsu.mcis.ArgumentParserUnitTests" time="0.0"/>
  <testcase name="testPositionalArgumentHoldsPosition" classname="edu.jsu.mcis.ArgumentParserUnitTests" time="0.0"/>
  <testcase name="testAddArgumentWithDescriptionAndReturnCorrectDescriptionAndDefaultType" classname="edu.jsu.mcis.ArgumentParserUnitTests" time="0.001"/>
  <testcase name="testAddNamedArgumentWithShortFormAndReturnCorrectNamedArgumentInArgumentParserUsingShortFormName" classname="edu.jsu.mcis.ArgumentParserUnitTests" time="0.0"/>
  <testcase name="testParseThrowsCorrectExceptionWhenGivenIncorrectDataTypeAndNamedHelpArgument" classname="edu.jsu.mcis.ArgumentParserUnitTests" time="0.0"/>
  <testcase name="testAddingNamedArgumentWithShortFormAndValueAndDescriptionThenReturnCorrectShortForm" classname="edu.jsu.mcis.ArgumentParserUnitTests" time="0.0"/>
  <testcase name="testAddArgumentWithoutTypeAndReturnDefaultType" classname="edu.jsu.mcis.ArgumentParserUnitTests" time="0.0"/>
>>>>>>> Stashed changes
  <testcase name="testAddNamedArgumentAndReturnCorrectName" classname="edu.jsu.mcis.ArgumentParserUnitTests" time="0.0"/>
  <testcase name="testAddNamedArgumentAndReturnCorrectNameWithDefaultValue" classname="edu.jsu.mcis.ArgumentParserUnitTests" time="0.0"/>
  <testcase name="testEnterArgNameAndTypeAndReturnCorrectInfo" classname="edu.jsu.mcis.ArgumentParserUnitTests" time="0.0"/>
  <testcase name="testParseReturnsCorrectExceptionMessageWhenGivenLessArgsThanSpecified" classname="edu.jsu.mcis.ArgumentParserUnitTests" time="0.001"/>
  <testcase name="testAddNamedArgumentInArgumentParserAndReturnCorrectNamedArgumentInArgumentParser" classname="edu.jsu.mcis.ArgumentParserUnitTests" time="0.0"/>
<<<<<<< Updated upstream
  <testcase name="testParseThrowsIncorrectArgTypeExceptionForNamedArguments" classname="edu.jsu.mcis.ArgumentParserUnitTests" time="0.003"/>
=======
  <testcase name="testParseThrowsIncorrectArgTypeExceptionForNamedArguments" classname="edu.jsu.mcis.ArgumentParserUnitTests" time="0.0"/>
>>>>>>> Stashed changes
  <testcase name="testEnterNamedArgNameAndTypeAndReturnCorrectInfo" classname="edu.jsu.mcis.ArgumentParserUnitTests" time="0.0"/>
  <testcase name="testBooleanNamedArgAssignedCorrectValueWhenCalledInCLI" classname="edu.jsu.mcis.ArgumentParserUnitTests" time="0.0"/>
  <testcase name="testForAddProgramDescriptionAndReturnCorrectProgramDescription" classname="edu.jsu.mcis.ArgumentParserUnitTests" time="0.0"/>
  <testcase name="testAddNamedArgumentWithoutTypeAndReturnDefaultType" classname="edu.jsu.mcis.ArgumentParserUnitTests" time="0.0"/>
  <testcase name="testAddingNamedArgumentWithShortFormAndValueAndDataTypeThenReturnCorrectShortForm" classname="edu.jsu.mcis.ArgumentParserUnitTests" time="0.0"/>
<<<<<<< Updated upstream
  <testcase name="testAddingNamedArgumentWithShortFormAndDataTypeThenReturnCorrectShortForm" classname="edu.jsu.mcis.ArgumentParserUnitTests" time="0.001"/>
=======
  <testcase name="testAddingNamedArgumentWithShortFormAndDataTypeThenReturnCorrectShortForm" classname="edu.jsu.mcis.ArgumentParserUnitTests" time="0.0"/>
>>>>>>> Stashed changes
  <testcase name="testParseReadsCorrectArgumentsWhenGivenShortFormFlagsCombinedInSingleSpecification" classname="edu.jsu.mcis.ArgumentParserUnitTests" time="0.0"/>
  <testcase name="testAddingFloatAndBooleanArgumentsAndParseValuesCorrectly" classname="edu.jsu.mcis.ArgumentParserUnitTests" time="0.001"/>
  <testcase name="testAddingNamedArgumentWithShortFormAndDataTypeAndDescriptionThenReturnCorrectShortForm" classname="edu.jsu.mcis.ArgumentParserUnitTests" time="0.0"/>
  <testcase name="testAddNamedArgumentAndReturnCorrectNameWithTypeValueAndDescriptionWithFloat" classname="edu.jsu.mcis.ArgumentParserUnitTests" time="0.0"/>
  <testcase name="testAddArgumentInArgumentParserAndReturnCorrectArgumentInArgumentParser" classname="edu.jsu.mcis.ArgumentParserUnitTests" time="0.0"/>
  <testcase name="testParseReadsCorrectArgumentsWhenGivenMultipleNamedArguments" classname="edu.jsu.mcis.ArgumentParserUnitTests" time="0.0"/>
  <system-out><![CDATA[]]></system-out>
  <system-err><![CDATA[]]></system-err>
</testsuite>
